Analysis & Synthesis report for main
Fri Jan 15 16:44:01 2021
Quartus Prime Version 18.1.0 Build 625 09/12/2018 SJ Lite Edition


---------------------
; Table of Contents ;
---------------------
  1. Legal Notice
  2. Analysis & Synthesis Summary
  3. Analysis & Synthesis Settings
  4. Parallel Compilation
  5. Analysis & Synthesis Source Files Read
  6. Analysis & Synthesis Resource Usage Summary
  7. Analysis & Synthesis Resource Utilization by Entity
  8. Registers Removed During Synthesis
  9. General Register Statistics
 10. Inverted Register Statistics
 11. Multiplexer Restructuring Statistics (Restructuring Performed)
 12. Parameter Settings for User Entity Instance: UART_Rx:comb_12
 13. Port Connectivity Checks: "RAM:comb_13"
 14. Post-Synthesis Netlist Statistics for Top Partition
 15. Elapsed Time Per Partition
 16. Analysis & Synthesis Messages
 17. Analysis & Synthesis Suppressed Messages



----------------
; Legal Notice ;
----------------
Copyright (C) 2018  Intel Corporation. All rights reserved.
Your use of Intel Corporation's design tools, logic functions 
and other software and tools, and its AMPP partner logic 
functions, and any output files from any of the foregoing 
(including device programming or simulation files), and any 
associated documentation or information are expressly subject 
to the terms and conditions of the Intel Program License 
Subscription Agreement, the Intel Quartus Prime License Agreement,
the Intel FPGA IP License Agreement, or other applicable license
agreement, including, without limitation, that your use is for
the sole purpose of programming logic devices manufactured by
Intel and sold by Intel or its authorized distributors.  Please
refer to the applicable agreement for further details.



+----------------------------------------------------------------------------------+
; Analysis & Synthesis Summary                                                     ;
+------------------------------------+---------------------------------------------+
; Analysis & Synthesis Status        ; Successful - Fri Jan 15 16:44:01 2021       ;
; Quartus Prime Version              ; 18.1.0 Build 625 09/12/2018 SJ Lite Edition ;
; Revision Name                      ; main                                        ;
; Top-level Entity Name              ; main                                        ;
; Family                             ; MAX 10                                      ;
; Total logic elements               ; 165                                         ;
;     Total combinational functions  ; 149                                         ;
;     Dedicated logic registers      ; 113                                         ;
; Total registers                    ; 113                                         ;
; Total pins                         ; 13                                          ;
; Total virtual pins                 ; 0                                           ;
; Total memory bits                  ; 0                                           ;
; Embedded Multiplier 9-bit elements ; 0                                           ;
; Total PLLs                         ; 0                                           ;
; UFM blocks                         ; 0                                           ;
; ADC blocks                         ; 0                                           ;
+------------------------------------+---------------------------------------------+


+------------------------------------------------------------------------------------------------------------+
; Analysis & Synthesis Settings                                                                              ;
+------------------------------------------------------------------+--------------------+--------------------+
; Option                                                           ; Setting            ; Default Value      ;
+------------------------------------------------------------------+--------------------+--------------------+
; Device                                                           ; 10M08SAE144C8G     ;                    ;
; Top-level entity name                                            ; main               ; main               ;
; Family name                                                      ; MAX 10             ; Cyclone V          ;
; Use smart compilation                                            ; Off                ; Off                ;
; Enable parallel Assembler and Timing Analyzer during compilation ; On                 ; On                 ;
; Enable compact report table                                      ; Off                ; Off                ;
; Restructure Multiplexers                                         ; Auto               ; Auto               ;
; Create Debugging Nodes for IP Cores                              ; Off                ; Off                ;
; Preserve fewer node names                                        ; On                 ; On                 ;
; Intel FPGA IP Evaluation Mode                                    ; Enable             ; Enable             ;
; Verilog Version                                                  ; Verilog_2001       ; Verilog_2001       ;
; VHDL Version                                                     ; VHDL_1993          ; VHDL_1993          ;
; State Machine Processing                                         ; Auto               ; Auto               ;
; Safe State Machine                                               ; Off                ; Off                ;
; Extract Verilog State Machines                                   ; On                 ; On                 ;
; Extract VHDL State Machines                                      ; On                 ; On                 ;
; Ignore Verilog initial constructs                                ; Off                ; Off                ;
; Iteration limit for constant Verilog loops                       ; 5000               ; 5000               ;
; Iteration limit for non-constant Verilog loops                   ; 250                ; 250                ;
; Add Pass-Through Logic to Inferred RAMs                          ; On                 ; On                 ;
; Infer RAMs from Raw Logic                                        ; On                 ; On                 ;
; Parallel Synthesis                                               ; On                 ; On                 ;
; DSP Block Balancing                                              ; Auto               ; Auto               ;
; NOT Gate Push-Back                                               ; On                 ; On                 ;
; Power-Up Don't Care                                              ; On                 ; On                 ;
; Remove Redundant Logic Cells                                     ; Off                ; Off                ;
; Remove Duplicate Registers                                       ; On                 ; On                 ;
; Ignore CARRY Buffers                                             ; Off                ; Off                ;
; Ignore CASCADE Buffers                                           ; Off                ; Off                ;
; Ignore GLOBAL Buffers                                            ; Off                ; Off                ;
; Ignore ROW GLOBAL Buffers                                        ; Off                ; Off                ;
; Ignore LCELL Buffers                                             ; Off                ; Off                ;
; Ignore SOFT Buffers                                              ; On                 ; On                 ;
; Limit AHDL Integers to 32 Bits                                   ; Off                ; Off                ;
; Optimization Technique                                           ; Balanced           ; Balanced           ;
; Carry Chain Length                                               ; 70                 ; 70                 ;
; Auto Carry Chains                                                ; On                 ; On                 ;
; Auto Open-Drain Pins                                             ; On                 ; On                 ;
; Perform WYSIWYG Primitive Resynthesis                            ; Off                ; Off                ;
; Auto ROM Replacement                                             ; On                 ; On                 ;
; Auto RAM Replacement                                             ; On                 ; On                 ;
; Auto DSP Block Replacement                                       ; On                 ; On                 ;
; Auto Shift Register Replacement                                  ; Auto               ; Auto               ;
; Allow Shift Register Merging across Hierarchies                  ; Auto               ; Auto               ;
; Auto Clock Enable Replacement                                    ; On                 ; On                 ;
; Strict RAM Replacement                                           ; Off                ; Off                ;
; Allow Synchronous Control Signals                                ; On                 ; On                 ;
; Force Use of Synchronous Clear Signals                           ; Off                ; Off                ;
; Auto RAM Block Balancing                                         ; On                 ; On                 ;
; Auto RAM to Logic Cell Conversion                                ; Off                ; Off                ;
; Auto Resource Sharing                                            ; Off                ; Off                ;
; Allow Any RAM Size For Recognition                               ; Off                ; Off                ;
; Allow Any ROM Size For Recognition                               ; Off                ; Off                ;
; Allow Any Shift Register Size For Recognition                    ; Off                ; Off                ;
; Use LogicLock Constraints during Resource Balancing              ; On                 ; On                 ;
; Ignore translate_off and synthesis_off directives                ; Off                ; Off                ;
; Timing-Driven Synthesis                                          ; On                 ; On                 ;
; Report Parameter Settings                                        ; On                 ; On                 ;
; Report Source Assignments                                        ; On                 ; On                 ;
; Report Connectivity Checks                                       ; On                 ; On                 ;
; Ignore Maximum Fan-Out Assignments                               ; Off                ; Off                ;
; Synchronization Register Chain Length                            ; 2                  ; 2                  ;
; Power Optimization During Synthesis                              ; Normal compilation ; Normal compilation ;
; HDL message level                                                ; Level2             ; Level2             ;
; Suppress Register Optimization Related Messages                  ; Off                ; Off                ;
; Number of Removed Registers Reported in Synthesis Report         ; 5000               ; 5000               ;
; Number of Swept Nodes Reported in Synthesis Report               ; 5000               ; 5000               ;
; Number of Inverted Registers Reported in Synthesis Report        ; 100                ; 100                ;
; Clock MUX Protection                                             ; On                 ; On                 ;
; Auto Gated Clock Conversion                                      ; Off                ; Off                ;
; Block Design Naming                                              ; Auto               ; Auto               ;
; SDC constraint protection                                        ; Off                ; Off                ;
; Synthesis Effort                                                 ; Auto               ; Auto               ;
; Shift Register Replacement - Allow Asynchronous Clear Signal     ; On                 ; On                 ;
; Pre-Mapping Resynthesis Optimization                             ; Off                ; Off                ;
; Analysis & Synthesis Message Level                               ; Medium             ; Medium             ;
; Disable Register Merging Across Hierarchies                      ; Auto               ; Auto               ;
; Resource Aware Inference For Block RAM                           ; On                 ; On                 ;
+------------------------------------------------------------------+--------------------+--------------------+


+------------------------------------------+
; Parallel Compilation                     ;
+----------------------------+-------------+
; Processors                 ; Number      ;
+----------------------------+-------------+
; Number detected on machine ; 8           ;
; Maximum allowed            ; 4           ;
;                            ;             ;
; Average used               ; 1.00        ;
; Maximum used               ; 4           ;
;                            ;             ;
; Usage by Processor         ; % Time Used ;
;     Processor 1            ; 100.0%      ;
;     Processor 2            ;   0.0%      ;
;     Processors 3-4         ;   0.0%      ;
+----------------------------+-------------+


+--------------------------------------------------------------------------------------------------------------------------------------------------------------------+
; Analysis & Synthesis Source Files Read                                                                                                                             ;
+----------------------------------+-----------------+------------------------+----------------------------------------------------------------------------+---------+
; File Name with User-Entered Path ; Used in Netlist ; File Type              ; File Name with Absolute Path                                               ; Library ;
+----------------------------------+-----------------+------------------------+----------------------------------------------------------------------------+---------+
; main.v                           ; yes             ; User Verilog HDL File  ; C:/intelFPGA_lite/18.1/Projects/Optic_Synchro_generator/main.v             ;         ;
; UART_Rx.v                        ; yes             ; User Verilog HDL File  ; C:/intelFPGA_lite/18.1/Projects/Optic_Synchro_generator/UART_Rx.v          ;         ;
; output_files/RAM.v               ; yes             ; User Verilog HDL File  ; C:/intelFPGA_lite/18.1/Projects/Optic_Synchro_generator/output_files/RAM.v ;         ;
; Pulse1.v                         ; yes             ; User Verilog HDL File  ; C:/intelFPGA_lite/18.1/Projects/Optic_Synchro_generator/Pulse1.v           ;         ;
; Start.v                          ; yes             ; User Verilog HDL File  ; C:/intelFPGA_lite/18.1/Projects/Optic_Synchro_generator/Start.v            ;         ;
+----------------------------------+-----------------+------------------------+----------------------------------------------------------------------------+---------+


+---------------------------------------------------------+
; Analysis & Synthesis Resource Usage Summary             ;
+---------------------------------------------+-----------+
; Resource                                    ; Usage     ;
+---------------------------------------------+-----------+
; Estimated Total logic elements              ; 165       ;
;                                             ;           ;
; Total combinational functions               ; 149       ;
; Logic element usage by number of LUT inputs ;           ;
;     -- 4 input functions                    ; 37        ;
;     -- 3 input functions                    ; 17        ;
;     -- <=2 input functions                  ; 95        ;
;                                             ;           ;
; Logic elements by mode                      ;           ;
;     -- normal mode                          ; 58        ;
;     -- arithmetic mode                      ; 91        ;
;                                             ;           ;
; Total registers                             ; 113       ;
;     -- Dedicated logic registers            ; 113       ;
;     -- I/O registers                        ; 0         ;
;                                             ;           ;
; I/O pins                                    ; 13        ;
;                                             ;           ;
; Embedded Multiplier 9-bit elements          ; 0         ;
;                                             ;           ;
; Maximum fan-out node                        ; clk~input ;
; Maximum fan-out                             ; 92        ;
; Total fan-out                               ; 707       ;
; Average fan-out                             ; 2.45      ;
+---------------------------------------------+-----------+


+--------------------------------------------------------------------------------------------------------------------------------------------------------------------------------------------------------------------------------------+
; Analysis & Synthesis Resource Utilization by Entity                                                                                                                                                                                  ;
+----------------------------+---------------------+---------------------------+-------------+------------+--------------+---------+-----------+------+--------------+------------+-----------------------+-------------+--------------+
; Compilation Hierarchy Node ; Combinational ALUTs ; Dedicated Logic Registers ; Memory Bits ; UFM Blocks ; DSP Elements ; DSP 9x9 ; DSP 18x18 ; Pins ; Virtual Pins ; ADC blocks ; Full Hierarchy Name   ; Entity Name ; Library Name ;
+----------------------------+---------------------+---------------------------+-------------+------------+--------------+---------+-----------+------+--------------+------------+-----------------------+-------------+--------------+
; |main                      ; 149 (0)             ; 113 (0)                   ; 0           ; 0          ; 0            ; 0       ; 0         ; 13   ; 0            ; 0          ; |main                 ; main        ; work         ;
;    |Pulse:PL1|             ; 49 (49)             ; 33 (33)                   ; 0           ; 0          ; 0            ; 0       ; 0         ; 0    ; 0            ; 0          ; |main|Pulse:PL1       ; Pulse       ; work         ;
;    |RAM:comb_13|           ; 1 (1)               ; 8 (8)                     ; 0           ; 0          ; 0            ; 0       ; 0         ; 0    ; 0            ; 0          ; |main|RAM:comb_13     ; RAM         ; work         ;
;    |Start:comb_11|         ; 45 (45)             ; 34 (34)                   ; 0           ; 0          ; 0            ; 0       ; 0         ; 0    ; 0            ; 0          ; |main|Start:comb_11   ; Start       ; work         ;
;    |UART_Rx:comb_12|       ; 54 (54)             ; 38 (38)                   ; 0           ; 0          ; 0            ; 0       ; 0         ; 0    ; 0            ; 0          ; |main|UART_Rx:comb_12 ; UART_Rx     ; work         ;
+----------------------------+---------------------+---------------------------+-------------+------------+--------------+---------+-----------+------+--------------+------------+-----------------------+-------------+--------------+
Note: For table entries with two numbers listed, the numbers in parentheses indicate the number of resources of the given type used by the specific entity alone. The numbers listed outside of parentheses indicate the total resources of the given type used by the specific entity and all of its sub-entities in the hierarchy.


+---------------------------------------------------------------------------------+
; Registers Removed During Synthesis                                              ;
+----------------------------------------+----------------------------------------+
; Register name                          ; Reason for Removal                     ;
+----------------------------------------+----------------------------------------+
; RAM:comb_13|drt[8..31]                 ; Stuck at GND due to stuck port data_in ;
; RAM:comb_13|drt[7]                     ; Merged with RAM:comb_13|DATA[0][7]     ;
; RAM:comb_13|drt[6]                     ; Merged with RAM:comb_13|DATA[0][6]     ;
; RAM:comb_13|drt[5]                     ; Merged with RAM:comb_13|DATA[0][5]     ;
; RAM:comb_13|drt[4]                     ; Merged with RAM:comb_13|DATA[0][4]     ;
; RAM:comb_13|drt[3]                     ; Merged with RAM:comb_13|DATA[0][3]     ;
; RAM:comb_13|drt[2]                     ; Merged with RAM:comb_13|DATA[0][2]     ;
; RAM:comb_13|drt[1]                     ; Merged with RAM:comb_13|DATA[0][1]     ;
; RAM:comb_13|drt[0]                     ; Merged with RAM:comb_13|DATA[0][0]     ;
; Total Number of Removed Registers = 32 ;                                        ;
+----------------------------------------+----------------------------------------+


+------------------------------------------------------+
; General Register Statistics                          ;
+----------------------------------------------+-------+
; Statistic                                    ; Value ;
+----------------------------------------------+-------+
; Total registers                              ; 113   ;
; Number of registers using Synchronous Clear  ; 64    ;
; Number of registers using Synchronous Load   ; 0     ;
; Number of registers using Asynchronous Clear ; 0     ;
; Number of registers using Asynchronous Load  ; 0     ;
; Number of registers using Clock Enable       ; 16    ;
; Number of registers using Preset             ; 0     ;
+----------------------------------------------+-------+


+--------------------------------------------------+
; Inverted Register Statistics                     ;
+----------------------------------------+---------+
; Inverted Register                      ; Fan out ;
+----------------------------------------+---------+
; UART_Rx:comb_12|wr                     ; 2       ;
; UART_Rx:comb_12|wr_addr[4]             ; 3       ;
; UART_Rx:comb_12|wr_addr[5]             ; 3       ;
; UART_Rx:comb_12|wr_addr[6]             ; 3       ;
; Total number of inverted registers = 4 ;         ;
+----------------------------------------+---------+


+------------------------------------------------------------------------------------------------------------------------------------------------+
; Multiplexer Restructuring Statistics (Restructuring Performed)                                                                                 ;
+--------------------+-----------+---------------+----------------------+------------------------+------------+----------------------------------+
; Multiplexer Inputs ; Bus Width ; Baseline Area ; Area if Restructured ; Saving if Restructured ; Registered ; Example Multiplexer Output       ;
+--------------------+-----------+---------------+----------------------+------------------------+------------+----------------------------------+
; 3:1                ; 5 bits    ; 10 LEs        ; 5 LEs                ; 5 LEs                  ; Yes        ; |main|UART_Rx:comb_12|wr_addr[3] ;
; 3:1                ; 3 bits    ; 6 LEs         ; 3 LEs                ; 3 LEs                  ; Yes        ; |main|UART_Rx:comb_12|wr_addr[5] ;
+--------------------+-----------+---------------+----------------------+------------------------+------------+----------------------------------+


+--------------------------------------------------------------+
; Parameter Settings for User Entity Instance: UART_Rx:comb_12 ;
+----------------+-----------+---------------------------------+
; Parameter Name ; Value     ; Type                            ;
+----------------+-----------+---------------------------------+
; Fclk           ; 100000000 ; Signed Integer                  ;
; Fuart          ; 115200    ; Signed Integer                  ;
; divider        ; 433       ; Signed Integer                  ;
+----------------+-----------+---------------------------------+
Note: In order to hide this table in the UI and the text report file, please set the "Show Parameter Settings in Synthesis Report" option in "Analysis and Synthesis Settings -> More Settings" to "Off".


+-----------------------------------------------------------------------------------------------------------------------------------------------------+
; Port Connectivity Checks: "RAM:comb_13"                                                                                                             ;
+------+--------+----------+--------------------------------------------------------------------------------------------------------------------------+
; Port ; Type   ; Severity ; Details                                                                                                                  ;
+------+--------+----------+--------------------------------------------------------------------------------------------------------------------------+
; out  ; Output ; Warning  ; Output or bidir port (32 bits) is wider than the port expression (8 bits) it drives; bit(s) "out[31..8]" have no fanouts ;
; out  ; Output ; Info     ; Connected to dangling logic. Logic that only feeds a dangling port will be removed.                                      ;
+------+--------+----------+--------------------------------------------------------------------------------------------------------------------------+


+-----------------------------------------------------+
; Post-Synthesis Netlist Statistics for Top Partition ;
+-----------------------+-----------------------------+
; Type                  ; Count                       ;
+-----------------------+-----------------------------+
; boundary_port         ; 13                          ;
; cycloneiii_ff         ; 113                         ;
;     ENA               ; 16                          ;
;     SCLR              ; 64                          ;
;     plain             ; 33                          ;
; cycloneiii_lcell_comb ; 150                         ;
;     arith             ; 91                          ;
;         2 data inputs ; 83                          ;
;         3 data inputs ; 8                           ;
;     normal            ; 59                          ;
;         0 data inputs ; 1                           ;
;         1 data inputs ; 4                           ;
;         2 data inputs ; 8                           ;
;         3 data inputs ; 9                           ;
;         4 data inputs ; 37                          ;
;                       ;                             ;
; Max LUT depth         ; 4.10                        ;
; Average LUT depth     ; 3.02                        ;
+-----------------------+-----------------------------+


+-------------------------------+
; Elapsed Time Per Partition    ;
+----------------+--------------+
; Partition Name ; Elapsed Time ;
+----------------+--------------+
; Top            ; 00:00:00     ;
+----------------+--------------+


+-------------------------------+
; Analysis & Synthesis Messages ;
+-------------------------------+
Info: *******************************************************************
Info: Running Quartus Prime Analysis & Synthesis
    Info: Version 18.1.0 Build 625 09/12/2018 SJ Lite Edition
    Info: Processing started: Fri Jan 15 16:43:52 2021
Info: Command: quartus_map --read_settings_files=on --write_settings_files=off main -c main
Warning (18236): Number of processors has not been specified which may cause overloading on shared machines.  Set the global assignment NUM_PARALLEL_PROCESSORS in your QSF to an appropriate value for best performance.
Info (20030): Parallel compilation is enabled and will use 4 of the 4 processors detected
Warning (10090): Verilog HDL syntax warning at main.v(72): extra block comment delimiter characters /* within block comment File: C:/intelFPGA_lite/18.1/Projects/Optic_Synchro_generator/main.v Line: 72
Info (12021): Found 1 design units, including 1 entities, in source file main.v
    Info (12023): Found entity 1: main File: C:/intelFPGA_lite/18.1/Projects/Optic_Synchro_generator/main.v Line: 9
Warning (12019): Can't analyze file -- file output_files/UART_Rx.v is missing
Info (12021): Found 1 design units, including 1 entities, in source file uart_rx.v
    Info (12023): Found entity 1: UART_Rx File: C:/intelFPGA_lite/18.1/Projects/Optic_Synchro_generator/UART_Rx.v Line: 9
Warning (12019): Can't analyze file -- file mem.v is missing
Info (12021): Found 1 design units, including 1 entities, in source file output_files/ram.v
    Info (12023): Found entity 1: RAM File: C:/intelFPGA_lite/18.1/Projects/Optic_Synchro_generator/output_files/RAM.v Line: 9
Info (12021): Found 1 design units, including 1 entities, in source file pulse1.v
    Info (12023): Found entity 1: Pulse File: C:/intelFPGA_lite/18.1/Projects/Optic_Synchro_generator/Pulse1.v Line: 9
Info (12021): Found 0 design units, including 0 entities, in source file delay.v
Info (12021): Found 1 design units, including 1 entities, in source file start.v
    Info (12023): Found entity 1: Start File: C:/intelFPGA_lite/18.1/Projects/Optic_Synchro_generator/Start.v Line: 1
Critical Warning (10846): Verilog HDL Instantiation warning at main.v(31): instance has no name File: C:/intelFPGA_lite/18.1/Projects/Optic_Synchro_generator/main.v Line: 31
Critical Warning (10846): Verilog HDL Instantiation warning at main.v(34): instance has no name File: C:/intelFPGA_lite/18.1/Projects/Optic_Synchro_generator/main.v Line: 34
Critical Warning (10846): Verilog HDL Instantiation warning at main.v(37): instance has no name File: C:/intelFPGA_lite/18.1/Projects/Optic_Synchro_generator/main.v Line: 37
Info (12127): Elaborating entity "main" for the top level hierarchy
Warning (10034): Output port "led[7..1]" at main.v(13) has no driver File: C:/intelFPGA_lite/18.1/Projects/Optic_Synchro_generator/main.v Line: 13
Info (12128): Elaborating entity "Start" for hierarchy "Start:comb_11" File: C:/intelFPGA_lite/18.1/Projects/Optic_Synchro_generator/main.v Line: 31
Info (12128): Elaborating entity "UART_Rx" for hierarchy "UART_Rx:comb_12" File: C:/intelFPGA_lite/18.1/Projects/Optic_Synchro_generator/main.v Line: 34
Warning (10230): Verilog HDL assignment warning at UART_Rx.v(36): truncated value with size 32 to match size of target (16) File: C:/intelFPGA_lite/18.1/Projects/Optic_Synchro_generator/UART_Rx.v Line: 36
Warning (10230): Verilog HDL assignment warning at UART_Rx.v(56): truncated value with size 9 to match size of target (8) File: C:/intelFPGA_lite/18.1/Projects/Optic_Synchro_generator/UART_Rx.v Line: 56
Info (12128): Elaborating entity "RAM" for hierarchy "RAM:comb_13" File: C:/intelFPGA_lite/18.1/Projects/Optic_Synchro_generator/main.v Line: 37
Warning (10034): Output port "out" at RAM.v(9) has no driver File: C:/intelFPGA_lite/18.1/Projects/Optic_Synchro_generator/output_files/RAM.v Line: 9
Info (12128): Elaborating entity "Pulse" for hierarchy "Pulse:PL1" File: C:/intelFPGA_lite/18.1/Projects/Optic_Synchro_generator/main.v Line: 40
Warning (12241): 1 hierarchies have connectivity warnings - see the Connectivity Checks report folder
Warning (13024): Output pins are stuck at VCC or GND
    Warning (13410): Pin "led[1]" is stuck at GND File: C:/intelFPGA_lite/18.1/Projects/Optic_Synchro_generator/main.v Line: 13
    Warning (13410): Pin "led[2]" is stuck at GND File: C:/intelFPGA_lite/18.1/Projects/Optic_Synchro_generator/main.v Line: 13
    Warning (13410): Pin "led[3]" is stuck at GND File: C:/intelFPGA_lite/18.1/Projects/Optic_Synchro_generator/main.v Line: 13
    Warning (13410): Pin "led[4]" is stuck at GND File: C:/intelFPGA_lite/18.1/Projects/Optic_Synchro_generator/main.v Line: 13
    Warning (13410): Pin "led[5]" is stuck at GND File: C:/intelFPGA_lite/18.1/Projects/Optic_Synchro_generator/main.v Line: 13
    Warning (13410): Pin "led[6]" is stuck at GND File: C:/intelFPGA_lite/18.1/Projects/Optic_Synchro_generator/main.v Line: 13
    Warning (13410): Pin "led[7]" is stuck at GND File: C:/intelFPGA_lite/18.1/Projects/Optic_Synchro_generator/main.v Line: 13
Info (286030): Timing-Driven Synthesis is running
Info (144001): Generated suppressed messages file C:/intelFPGA_lite/18.1/Projects/Optic_Synchro_generator/output_files/main.map.smsg
Info (16010): Generating hard_block partition "hard_block:auto_generated_inst"
    Info (16011): Adding 0 node(s), including 0 DDIO, 0 PLL, 0 transceiver and 0 LCELL
Info (21057): Implemented 178 device resources after synthesis - the final resource count might be different
    Info (21058): Implemented 3 input pins
    Info (21059): Implemented 10 output pins
    Info (21061): Implemented 165 logic cells
Info: Quartus Prime Analysis & Synthesis was successful. 0 errors, 20 warnings
    Info: Peak virtual memory: 4787 megabytes
    Info: Processing ended: Fri Jan 15 16:44:01 2021
    Info: Elapsed time: 00:00:09
    Info: Total CPU time (on all processors): 00:00:19


+------------------------------------------+
; Analysis & Synthesis Suppressed Messages ;
+------------------------------------------+
The suppressed messages can be found in C:/intelFPGA_lite/18.1/Projects/Optic_Synchro_generator/output_files/main.map.smsg.


